-- Enhanced Custom Lua Test Framework
-- Extended framework for comprehensive AO handler testing with advanced features

local TestFramework = {}
TestFramework.__index = TestFramework

-- Test result tracking
TestFramework.TestResult = {
    PASSED = "PASSED",
    FAILED = "FAILED",
    SKIPPED = "SKIPPED",
    ERROR = "ERROR"
}

-- Test execution context
function TestFramework.new(options)
    local framework = setmetatable({}, TestFramework)
    
    framework.options = options or {}
    framework.testSuites = {}
    framework.results = {
        total = 0,
        passed = 0,
        failed = 0,
        skipped = 0,
        errors = 0,
        details = {}
    }
    framework.mocks = {}
    framework.fixtures = {}
    framework.hooks = {
        beforeAll = {},
        afterAll = {},
        beforeEach = {},
        afterEach = {}
    }
    
    return framework
end

-- Test Suite Registration
function TestFramework:addTestSuite(name, suiteConfig)
    local suite = {
        name = name,
        tests = {},
        beforeAll = suiteConfig.beforeAll,
        afterAll = suiteConfig.afterAll,
        beforeEach = suiteConfig.beforeEach,
        afterEach = suiteConfig.afterEach,
        skip = suiteConfig.skip or false,
        timeout = suiteConfig.timeout or 5000, -- 5 second default
        tags = suiteConfig.tags or {}
    }
    
    self.testSuites[name] = suite
    return suite
end

-- Test Case Registration
function TestFramework:addTest(suiteName, testName, testFunc, testConfig)
    testConfig = testConfig or {}
    
    local suite = self.testSuites[suiteName]
    if not suite then
        error("Test suite '" .. suiteName .. "' not found")
    end
    
    local test = {
        name = testName,
        func = testFunc,
        skip = testConfig.skip or false,
        timeout = testConfig.timeout or suite.timeout,
        tags = testConfig.tags or {},
        expected = testConfig.expected,
        description = testConfig.description
    }
    
    table.insert(suite.tests, test)
    return test
end

-- Assertion Library
TestFramework.Assert = {}

function TestFramework.Assert.equals(expected, actual, message)
    message = message or ("Expected " .. tostring(expected) .. ", got " .. tostring(actual))
    if expected ~= actual then
        error("Assertion Failed: " .. message)
    end
end

function TestFramework.Assert.notEquals(expected, actual, message)
    message = message or ("Expected not to equal " .. tostring(expected))
    if expected == actual then
        error("Assertion Failed: " .. message)
    end
end

function TestFramework.Assert.isTrue(value, message)
    message = message or ("Expected true, got " .. tostring(value))
    if value ~= true then
        error("Assertion Failed: " .. message)
    end
end

function TestFramework.Assert.isFalse(value, message)
    message = message or ("Expected false, got " .. tostring(value))
    if value ~= false then
        error("Assertion Failed: " .. message)
    end
end

function TestFramework.Assert.isNil(value, message)
    message = message or ("Expected nil, got " .. tostring(value))
    if value ~= nil then
        error("Assertion Failed: " .. message)
    end
end

function TestFramework.Assert.isNotNil(value, message)
    message = message or ("Expected non-nil value")
    if value == nil then
        error("Assertion Failed: " .. message)
    end
end

function TestFramework.Assert.hasType(expected_type, value, message)
    local actual_type = type(value)
    message = message or ("Expected type " .. expected_type .. ", got " .. actual_type)
    if actual_type ~= expected_type then
        error("Assertion Failed: " .. message)
    end
end

function TestFramework.Assert.contains(collection, item, message)
    message = message or ("Collection should contain item")
    
    if type(collection) == "table" then
        for _, value in pairs(collection) do
            if value == item then
                return
            end
        end
        error("Assertion Failed: " .. message)
    else
        error("Assertion Failed: Collection must be a table")
    end
end

function TestFramework.Assert.hasLength(expected_length, collection, message)
    local actual_length = 0
    
    if type(collection) == "table" then
        for _ in pairs(collection) do
            actual_length = actual_length + 1
        end
    elseif type(collection) == "string" then
        actual_length = string.len(collection)
    else
        error("Assertion Failed: Collection must be table or string")
    end
    
    message = message or ("Expected length " .. expected_length .. ", got " .. actual_length)
    if actual_length ~= expected_length then
        error("Assertion Failed: " .. message)
    end
end

function TestFramework.Assert.throws(func, expected_error, message)
    message = message or ("Expected function to throw error")
    
    local success, error_msg = pcall(func)
    
    if success then
        error("Assertion Failed: " .. message .. " (function did not throw)")
    end
    
    if expected_error and not string.find(error_msg, expected_error) then
        error("Assertion Failed: Expected error containing '" .. expected_error .. "', got '" .. error_msg .. "'")
    end
end

-- Mock System
function TestFramework:createMock(name, mockConfig)
    local mock = {
        name = name,
        calls = {},
        returns = mockConfig.returns or {},
        implementation = mockConfig.implementation,
        callCount = 0
    }
    
    -- Create mock function
    mock.func = function(...)
        local args = {...}
        mock.callCount = mock.callCount + 1
        
        table.insert(mock.calls, {
            args = args,
            timestamp = os.time()
        })
        
        if mock.implementation then
            return mock.implementation(...)
        else
            local returnIndex = ((mock.callCount - 1) % #mock.returns) + 1
            return mock.returns[returnIndex]
        end
    end
    
    self.mocks[name] = mock
    return mock
end

function TestFramework:getMock(name)
    return self.mocks[name]
end

function TestFramework:resetMock(name)
    local mock = self.mocks[name]
    if mock then
        mock.calls = {}
        mock.callCount = 0
    end
end

function TestFramework:resetAllMocks()
    for name, _ in pairs(self.mocks) do
        self:resetMock(name)
    end
end

-- Fixture Management
function TestFramework:addFixture(name, fixtureFunc)
    self.fixtures[name] = fixtureFunc
end

function TestFramework:getFixture(name)
    local fixtureFunc = self.fixtures[name]
    if fixtureFunc then
        return fixtureFunc()
    end
    return nil
end

-- Test Coverage Tracking
function TestFramework:startCoverage()
    self.coverage = {
        files = {},
        functions = {},
        lines = {}
    }
end

function TestFramework:recordCoverage(file, functionName, lineNumber)
    if not self.coverage then return end
    
    self.coverage.files[file] = true
    if functionName then
        self.coverage.functions[functionName] = true
    end
    if lineNumber then
        self.coverage.lines[file .. ":" .. lineNumber] = true
    end
end

function TestFramework:getCoverageReport()
    if not self.coverage then
        return "Coverage tracking not enabled"
    end
    
    local fileCount = 0
    local functionCount = 0
    local lineCount = 0
    
    for _ in pairs(self.coverage.files) do
        fileCount = fileCount + 1
    end
    
    for _ in pairs(self.coverage.functions) do
        functionCount = functionCount + 1
    end
    
    for _ in pairs(self.coverage.lines) do
        lineCount = lineCount + 1
    end
    
    return {
        files = fileCount,
        functions = functionCount,
        lines = lineCount,
        details = self.coverage
    }
end

-- Test Execution
function TestFramework:runTest(suite, test)
    local startTime = os.time()
    local result = {
        suite = suite.name,
        test = test.name,
        status = TestFramework.TestResult.PASSED,
        duration = 0,
        message = nil,
        error = nil
    }
    
    -- Check if test should be skipped
    if test.skip or suite.skip then
        result.status = TestFramework.TestResult.SKIPPED
        result.message = "Test skipped"
        return result
    end
    
    -- Execute test with timeout and error handling
    local success, error_msg = pcall(function()
        -- Run beforeEach hooks
        if suite.beforeEach then
            suite.beforeEach()
        end
        
        -- Run the test
        local testResult = test.func()
        
        -- Check expected result if specified
        if test.expected ~= nil and testResult ~= test.expected then
            error("Test returned " .. tostring(testResult) .. ", expected " .. tostring(test.expected))
        end
        
        -- Run afterEach hooks
        if suite.afterEach then
            suite.afterEach()
        end
    end)
    
    result.duration = os.time() - startTime
    
    if not success then
        result.status = TestFramework.TestResult.FAILED
        result.error = error_msg
        result.message = "Test failed: " .. tostring(error_msg)
    end
    
    return result
end

function TestFramework:runTestSuite(suiteName, filter)
    filter = filter or {}
    
    local suite = self.testSuites[suiteName]
    if not suite then
        error("Test suite '" .. suiteName .. "' not found")
    end
    
    print("Running test suite: " .. suiteName)
    print(string.rep("-", 40))
    
    local suiteResults = {
        name = suiteName,
        total = 0,
        passed = 0,
        failed = 0,
        skipped = 0,
        tests = {}
    }
    
    -- Run beforeAll hook
    if suite.beforeAll then
        local success, err = pcall(suite.beforeAll)
        if not success then
            print("âŒ Suite setup failed: " .. tostring(err))
            return suiteResults
        end
    end
    
    -- Run each test
    for _, test in ipairs(suite.tests) do
        -- Apply filters
        local shouldRun = true
        
        if filter.tags and #filter.tags > 0 then
            shouldRun = false
            for _, filterTag in ipairs(filter.tags) do
                for _, testTag in ipairs(test.tags) do
                    if filterTag == testTag then
                        shouldRun = true
                        break
                    end
                end
                if shouldRun then break end
            end
        end
        
        if shouldRun then
            local result = self:runTest(suite, test)
            
            suiteResults.total = suiteResults.total + 1
            suiteResults.tests[test.name] = result
            
            if result.status == TestFramework.TestResult.PASSED then
                suiteResults.passed = suiteResults.passed + 1
                print("  âœ… " .. test.name .. " (" .. result.duration .. "s)")
            elseif result.status == TestFramework.TestResult.FAILED then
                suiteResults.failed = suiteResults.failed + 1
                print("  âŒ " .. test.name .. " - " .. result.message)
            elseif result.status == TestFramework.TestResult.SKIPPED then
                suiteResults.skipped = suiteResults.skipped + 1
                print("  â­ï¸  " .. test.name .. " - " .. result.message)
            end
        end
    end
    
    -- Run afterAll hook
    if suite.afterAll then
        pcall(suite.afterAll)
    end
    
    return suiteResults
end

function TestFramework:runAll(filter)
    print("ğŸ§ª Running Enhanced Test Framework")
    print("=================================")
    
    self:startCoverage()
    
    local allResults = {
        total = 0,
        passed = 0,
        failed = 0,
        skipped = 0,
        suites = {}
    }
    
    for suiteName, _ in pairs(self.testSuites) do
        local suiteResult = self:runTestSuite(suiteName, filter)
        
        allResults.total = allResults.total + suiteResult.total
        allResults.passed = allResults.passed + suiteResult.passed
        allResults.failed = allResults.failed + suiteResult.failed
        allResults.skipped = allResults.skipped + suiteResult.skipped
        allResults.suites[suiteName] = suiteResult
        
        print("")
    end
    
    -- Final summary
    print("ğŸ“Š Test Summary")
    print("===============")
    print("Total: " .. allResults.total)
    print("Passed: " .. allResults.passed)
    print("Failed: " .. allResults.failed)
    print("Skipped: " .. allResults.skipped)
    
    if allResults.failed == 0 then
        print("")
        print("ğŸ‰ All tests passed!")
        return true, allResults
    else
        print("")
        print("âŒ Some tests failed.")
        return false, allResults
    end
end

return TestFramework